0 info it worked if it ends with ok
1 verbose cli [ '/usr/bin/node', '/usr/bin/npm', 'run', 'dev' ]
2 info using npm@3.10.10
3 info using node@v6.11.5
4 verbose run-script [ 'predev', 'dev', 'postdev' ]
5 info lifecycle truffle-site@0.0.1~predev: truffle-site@0.0.1
6 silly lifecycle truffle-site@0.0.1~predev: no script for predev, continuing
7 info lifecycle truffle-site@0.0.1~dev: truffle-site@0.0.1
8 verbose lifecycle truffle-site@0.0.1~dev: unsafe-perm in lifecycle true
9 verbose lifecycle truffle-site@0.0.1~dev: PATH: /usr/lib/node_modules/npm/bin/node-gyp-bin:/home/josh/Sites/trufflesuite.com/node_modules/.bin:/home/josh/bin:/home/josh/.local/bin:/usr/local/sbin:/usr/local/bin:/usr/sbin:/usr/bin:/sbin:/bin:/usr/games:/usr/local/games:/snap/bin
10 verbose lifecycle truffle-site@0.0.1~dev: CWD: /home/josh/Sites/trufflesuite.com
11 silly lifecycle truffle-site@0.0.1~dev: Args: [ '-c', 'node ./dev.js' ]
12 silly lifecycle truffle-site@0.0.1~dev: Returned: code: 1  signal: null
13 info lifecycle truffle-site@0.0.1~dev: Failed to exec dev script
14 verbose stack Error: truffle-site@0.0.1 dev: `node ./dev.js`
14 verbose stack Exit status 1
14 verbose stack     at EventEmitter.<anonymous> (/usr/lib/node_modules/npm/lib/utils/lifecycle.js:255:16)
14 verbose stack     at emitTwo (events.js:106:13)
14 verbose stack     at EventEmitter.emit (events.js:191:7)
14 verbose stack     at ChildProcess.<anonymous> (/usr/lib/node_modules/npm/lib/utils/spawn.js:40:14)
14 verbose stack     at emitTwo (events.js:106:13)
14 verbose stack     at ChildProcess.emit (events.js:191:7)
14 verbose stack     at maybeClose (internal/child_process.js:920:16)
14 verbose stack     at Process.ChildProcess._handle.onexit (internal/child_process.js:230:5)
15 verbose pkgid truffle-site@0.0.1
16 verbose cwd /home/josh/Sites/trufflesuite.com
17 error Linux 4.10.0-37-generic
18 error argv "/usr/bin/node" "/usr/bin/npm" "run" "dev"
19 error node v6.11.5
20 error npm  v3.10.10
21 error code ELIFECYCLE
22 error truffle-site@0.0.1 dev: `node ./dev.js`
22 error Exit status 1
23 error Failed at the truffle-site@0.0.1 dev script 'node ./dev.js'.
23 error Make sure you have the latest version of node.js and npm installed.
23 error If you do, this is most likely a problem with the truffle-site package,
23 error not with npm itself.
23 error Tell the author that this fails on your system:
23 error     node ./dev.js
23 error You can get information on how to open an issue for this project with:
23 error     npm bugs truffle-site
23 error Or if that isn't available, you can get their info via:
23 error     npm owner ls truffle-site
23 error There is likely additional logging output above.
24 verbose exit [ 1, true ]
